<?xml version="1.0" encoding="UTF-8"?>
<robot generator="Robot 7.1.1 (Python 3.12.8 on win32)" generated="2024-12-22T00:01:24.448440" rpa="false" schemaversion="5">
<suite id="s1" name="DataDriven" source="C:\Users\kaush\OneDrive\Desktop\JenkinsProjectSeleniun\TestCases\DataDriven">
<kw name="Before Suite" type="SETUP">
<kw name="Log To Console" owner="BuiltIn">
<arg>Before Suite runs</arg>
<doc>Logs the given message to the console.</doc>
<status status="PASS" start="2024-12-22T00:01:24.773779" elapsed="0.000000"/>
</kw>
<status status="PASS" start="2024-12-22T00:01:24.773779" elapsed="0.000000"/>
</kw>
<suite id="s1-s1" name="TC 013 RediffmailDataDriven" source="C:\Users\kaush\OneDrive\Desktop\JenkinsProjectSeleniun\TestCases\DataDriven\TC_013_RediffmailDataDriven.robot">
<test id="s1-s1-t1" name="Data_Driven_Test" line="11">
<kw name="Get Max Row Number" owner="DataDrivenKeywords">
<msg time="2024-12-22T00:01:24.906358" level="INFO">${MAXROW} = 4</msg>
<var>${MAXROW}</var>
<arg>Data</arg>
<status status="PASS" start="2024-12-22T00:01:24.906358" elapsed="0.000000"/>
</kw>
<kw name="Log To Console" owner="BuiltIn">
<arg>${MAXROW}</arg>
<doc>Logs the given message to the console.</doc>
<status status="PASS" start="2024-12-22T00:01:24.906358" elapsed="0.000000"/>
</kw>
<for flavor="IN RANGE">
<iter>
<kw name="Open Website" owner="RS_013_RediffmailDataDriven">
<kw name="Set Selenium Implicit Wait" owner="SeleniumLibrary">
<arg>20 Seconds</arg>
<doc>Sets the implicit wait value used by Selenium.</doc>
<status status="PASS" start="2024-12-22T00:01:24.906358" elapsed="0.000000"/>
</kw>
<kw name="Open Browser" owner="SeleniumLibrary">
<msg time="2024-12-22T00:01:24.906358" level="INFO">Opening browser 'chrome' to base url 'https://mail.rediff.com/cgi-bin/login.cgi'.</msg>
<arg>${Url}</arg>
<arg>${Browser}</arg>
<arg>${Options}</arg>
<doc>Opens a new browser instance to the optional ``url``.</doc>
<status status="PASS" start="2024-12-22T00:01:24.906358" elapsed="3.506271"/>
</kw>
<kw name="Maximize Browser Window" owner="SeleniumLibrary">
<doc>Maximizes current browser window.</doc>
<status status="PASS" start="2024-12-22T00:01:28.412629" elapsed="0.053310"/>
</kw>
<kw name="Set Selenium Timeout" owner="SeleniumLibrary">
<arg>10 seconds</arg>
<doc>Sets the timeout that is used by various keywords.</doc>
<status status="PASS" start="2024-12-22T00:01:28.465939" elapsed="0.003759"/>
</kw>
<kw name="Set Selenium Implicit Wait" owner="SeleniumLibrary">
<arg>10 seconds</arg>
<doc>Sets the implicit wait value used by Selenium.</doc>
<status status="PASS" start="2024-12-22T00:01:28.469698" elapsed="0.000000"/>
</kw>
<kw name="Wait Until Page Contains" owner="SeleniumLibrary">
<arg>rediff</arg>
<doc>Waits until ``text`` appears on the current page.</doc>
<status status="PASS" start="2024-12-22T00:01:28.469698" elapsed="0.004119"/>
</kw>
<kw name="Page Should Contain" owner="SeleniumLibrary">
<msg time="2024-12-22T00:01:28.496572" level="INFO">Current page contains text 'rediff'.</msg>
<arg>rediff</arg>
<doc>Verifies that current page contains ``text``.</doc>
<status status="PASS" start="2024-12-22T00:01:28.473817" elapsed="0.022755"/>
</kw>
<arg>https://mail.rediff.com/cgi-bin/login.cgi</arg>
<arg>chrome</arg>
<arg>--disable-notifications</arg>
<status status="PASS" start="2024-12-22T00:01:24.906358" elapsed="3.591313"/>
</kw>
<kw name="Type in Username" owner="RS_013_RediffmailDataDriven">
<kw name="Read Locator" owner="RS_013_RediffmailDataDriven">
<kw name="Read Locator From Json" owner="DataDrivenKeywords">
<msg time="2024-12-22T00:01:28.498594" level="INFO">${VALUE} = login1</msg>
<var>${VALUE}</var>
<arg>${JSONPATH}</arg>
<status status="PASS" start="2024-12-22T00:01:28.497671" elapsed="0.000923"/>
</kw>
<return>
<value>${VALUE}</value>
<status status="PASS" start="2024-12-22T00:01:28.498594" elapsed="0.000000"/>
</return>
<msg time="2024-12-22T00:01:28.498594" level="INFO">${USERNAME} = login1</msg>
<var>${USERNAME}</var>
<arg>Registration.username_id</arg>
<status status="PASS" start="2024-12-22T00:01:28.497671" elapsed="0.000923"/>
</kw>
<kw name="Read Data From Cell" owner="RS_013_RediffmailDataDriven">
<kw name="Get Data From Cell" owner="DataDrivenKeywords">
<msg time="2024-12-22T00:01:28.498594" level="INFO">${dataValue} = selenium.testmay2017</msg>
<var>${dataValue}</var>
<arg>${sheetName}</arg>
<arg>${row}</arg>
<arg>${column}</arg>
<status status="PASS" start="2024-12-22T00:01:28.498594" elapsed="0.000000"/>
</kw>
<return>
<value>${dataValue}</value>
<status status="PASS" start="2024-12-22T00:01:28.498594" elapsed="0.000000"/>
</return>
<msg time="2024-12-22T00:01:28.498594" level="INFO">${USERNAMEVALUE} = selenium.testmay2017</msg>
<var>${USERNAMEVALUE}</var>
<arg>${SHEETNAME}</arg>
<arg>${ROWNUMBER}</arg>
<arg>${COLUMNNUMBER}</arg>
<status status="PASS" start="2024-12-22T00:01:28.498594" elapsed="0.000000"/>
</kw>
<kw name="Set Selenium Implicit Wait" owner="SeleniumLibrary">
<arg>20 Seconds</arg>
<doc>Sets the implicit wait value used by Selenium.</doc>
<status status="PASS" start="2024-12-22T00:01:28.498594" elapsed="0.001984"/>
</kw>
<kw name="Input Text" owner="SeleniumLibrary">
<msg time="2024-12-22T00:01:28.500578" level="INFO">Typing text 'selenium.testmay2017' into text field 'id:login1'.</msg>
<arg>id:${USERNAME}</arg>
<arg>${USERNAMEVALUE}</arg>
<doc>Types the given ``text`` into the text field identified by ``locator``.</doc>
<status status="PASS" start="2024-12-22T00:01:28.500578" elapsed="0.098333"/>
</kw>
<arg>Data</arg>
<arg>${i}</arg>
<arg>1</arg>
<status status="PASS" start="2024-12-22T00:01:28.497671" elapsed="0.101240"/>
</kw>
<kw name="Type in Password" owner="RS_013_RediffmailDataDriven">
<kw name="Read Locator" owner="RS_013_RediffmailDataDriven">
<kw name="Read Locator From Json" owner="DataDrivenKeywords">
<msg time="2024-12-22T00:01:28.600025" level="INFO">${VALUE} = password</msg>
<var>${VALUE}</var>
<arg>${JSONPATH}</arg>
<status status="PASS" start="2024-12-22T00:01:28.600025" elapsed="0.000000"/>
</kw>
<return>
<value>${VALUE}</value>
<status status="PASS" start="2024-12-22T00:01:28.600025" elapsed="0.000000"/>
</return>
<msg time="2024-12-22T00:01:28.600025" level="INFO">${PASSWORD} = password</msg>
<var>${PASSWORD}</var>
<arg>Registration.password_id</arg>
<status status="PASS" start="2024-12-22T00:01:28.598911" elapsed="0.001114"/>
</kw>
<kw name="Read Data From Cell" owner="RS_013_RediffmailDataDriven">
<kw name="Get Data From Cell" owner="DataDrivenKeywords">
<msg time="2024-12-22T00:01:28.601017" level="INFO">${dataValue} = test@1234</msg>
<var>${dataValue}</var>
<arg>${sheetName}</arg>
<arg>${row}</arg>
<arg>${column}</arg>
<status status="PASS" start="2024-12-22T00:01:28.601017" elapsed="0.000000"/>
</kw>
<return>
<value>${dataValue}</value>
<status status="PASS" start="2024-12-22T00:01:28.601017" elapsed="0.000000"/>
</return>
<msg time="2024-12-22T00:01:28.601017" level="INFO">${PASSWORDVALUE} = test@1234</msg>
<var>${PASSWORDVALUE}</var>
<arg>${SHEETNAME}</arg>
<arg>${ROWNUMBER}</arg>
<arg>${COLUMNNUMBER}</arg>
<status status="PASS" start="2024-12-22T00:01:28.600025" elapsed="0.000992"/>
</kw>
<kw name="Set Selenium Implicit Wait" owner="SeleniumLibrary">
<arg>20 Seconds</arg>
<doc>Sets the implicit wait value used by Selenium.</doc>
<status status="PASS" start="2024-12-22T00:01:28.601017" elapsed="0.000981"/>
</kw>
<kw name="Input Password" owner="SeleniumLibrary">
<msg time="2024-12-22T00:01:28.601998" level="INFO">Typing password into text field 'id:password'.</msg>
<msg time="2024-12-22T00:01:28.623248" level="INFO">Temporally setting log level to: NONE</msg>
<arg>id:${PASSWORD}</arg>
<arg>${PASSWORDVALUE}</arg>
<doc>Types the given password into the text field identified by ``locator``.</doc>
<status status="PASS" start="2024-12-22T00:01:28.601998" elapsed="0.080850"/>
</kw>
<arg>Data</arg>
<arg>${i}</arg>
<arg>2</arg>
<status status="PASS" start="2024-12-22T00:01:28.598911" elapsed="0.083937"/>
</kw>
<kw name="Click on Sign in Button" owner="RS_013_RediffmailDataDriven">
<kw name="Read Locator" owner="RS_013_RediffmailDataDriven">
<kw name="Read Locator From Json" owner="DataDrivenKeywords">
<msg time="2024-12-22T00:01:28.682848" level="INFO">${VALUE} = proceed</msg>
<var>${VALUE}</var>
<arg>${JSONPATH}</arg>
<status status="PASS" start="2024-12-22T00:01:28.682848" elapsed="0.000000"/>
</kw>
<return>
<value>${VALUE}</value>
<status status="PASS" start="2024-12-22T00:01:28.682848" elapsed="0.000000"/>
</return>
<msg time="2024-12-22T00:01:28.682848" level="INFO">${SIGNIN} = proceed</msg>
<var>${SIGNIN}</var>
<arg>Registration.signin_name</arg>
<status status="PASS" start="2024-12-22T00:01:28.682848" elapsed="0.000000"/>
</kw>
<kw name="Set Selenium Implicit Wait" owner="SeleniumLibrary">
<arg>20 Seconds</arg>
<doc>Sets the implicit wait value used by Selenium.</doc>
<status status="PASS" start="2024-12-22T00:01:28.682848" elapsed="0.000000"/>
</kw>
<kw name="Click Button" owner="SeleniumLibrary">
<msg time="2024-12-22T00:01:28.682848" level="INFO">Clicking button 'name:proceed'.</msg>
<arg>name:${SIGNIN}</arg>
<doc>Clicks the button identified by ``locator``.</doc>
<status status="PASS" start="2024-12-22T00:01:28.682848" elapsed="0.157620"/>
</kw>
<kw name="Sleep" owner="BuiltIn">
<msg time="2024-12-22T00:01:33.841006" level="INFO">Slept 5 seconds.</msg>
<arg>5 Seconds</arg>
<doc>Pauses the test executed for the given time.</doc>
<status status="PASS" start="2024-12-22T00:01:28.840468" elapsed="5.000538"/>
</kw>
<status status="PASS" start="2024-12-22T00:01:28.682848" elapsed="5.158158"/>
</kw>
<kw name="Click on write mail link" owner="RS_013_RediffmailDataDriven">
<kw name="Sleep" owner="BuiltIn">
<msg time="2024-12-22T00:01:35.843273" level="INFO">Slept 2 seconds.</msg>
<arg>2 Seconds</arg>
<doc>Pauses the test executed for the given time.</doc>
<status status="PASS" start="2024-12-22T00:01:33.841006" elapsed="2.002267"/>
</kw>
<kw name="Set Selenium Implicit Wait" owner="SeleniumLibrary">
<arg>20 Seconds</arg>
<doc>Sets the implicit wait value used by Selenium.</doc>
<status status="PASS" start="2024-12-22T00:01:35.843273" elapsed="0.000000"/>
</kw>
<kw name="Read Locator" owner="RS_013_RediffmailDataDriven">
<kw name="Read Locator From Json" owner="DataDrivenKeywords">
<msg time="2024-12-22T00:01:35.843273" level="INFO">${VALUE} = //*[text()='Write mail']</msg>
<var>${VALUE}</var>
<arg>${JSONPATH}</arg>
<status status="PASS" start="2024-12-22T00:01:35.843273" elapsed="0.000000"/>
</kw>
<return>
<value>${VALUE}</value>
<status status="PASS" start="2024-12-22T00:01:35.843273" elapsed="0.000000"/>
</return>
<msg time="2024-12-22T00:01:35.843273" level="INFO">${WRITEMAIL} = //*[text()='Write mail']</msg>
<var>${WRITEMAIL}</var>
<arg>Inbox.writemail_xpath</arg>
<status status="PASS" start="2024-12-22T00:01:35.843273" elapsed="0.000000"/>
</kw>
<kw name="Set Selenium Implicit Wait" owner="SeleniumLibrary">
<arg>20 Seconds</arg>
<doc>Sets the implicit wait value used by Selenium.</doc>
<status status="PASS" start="2024-12-22T00:01:35.843273" elapsed="0.000000"/>
</kw>
<kw name="Double Click Element" owner="SeleniumLibrary">
<msg time="2024-12-22T00:01:35.843273" level="INFO">Double clicking element 'xpath://*[text()='Write mail']'.</msg>
<arg>xpath:${WRITEMAIL}</arg>
<doc>Double clicks the element identified by ``locator``.</doc>
<status status="PASS" start="2024-12-22T00:01:35.843273" elapsed="2.408577"/>
</kw>
<kw name="Sleep" owner="BuiltIn">
<msg time="2024-12-22T00:01:40.256056" level="INFO">Slept 2 seconds.</msg>
<arg>2 Seconds</arg>
<doc>Pauses the test executed for the given time.</doc>
<status status="PASS" start="2024-12-22T00:01:38.251850" elapsed="2.004206"/>
</kw>
<status status="PASS" start="2024-12-22T00:01:33.841006" elapsed="6.415050"/>
</kw>
<kw name="Type on TO field" owner="RS_013_RediffmailDataDriven">
<kw name="Read Data From Cell" owner="RS_013_RediffmailDataDriven">
<kw name="Get Data From Cell" owner="DataDrivenKeywords">
<msg time="2024-12-22T00:01:40.256056" level="INFO">${dataValue} = kaushik.aryaan@gmail.com</msg>
<var>${dataValue}</var>
<arg>${sheetName}</arg>
<arg>${row}</arg>
<arg>${column}</arg>
<status status="PASS" start="2024-12-22T00:01:40.256056" elapsed="0.000000"/>
</kw>
<return>
<value>${dataValue}</value>
<status status="PASS" start="2024-12-22T00:01:40.256056" elapsed="0.000000"/>
</return>
<msg time="2024-12-22T00:01:40.256056" level="INFO">${TOVALUE} = kaushik.aryaan@gmail.com</msg>
<var>${TOVALUE}</var>
<arg>${SHEETNAME}</arg>
<arg>${ROWNUMBER}</arg>
<arg>${COLUMNNUMBER}</arg>
<status status="PASS" start="2024-12-22T00:01:40.256056" elapsed="0.000000"/>
</kw>
<kw name="Read Locator" owner="RS_013_RediffmailDataDriven">
<kw name="Read Locator From Json" owner="DataDrivenKeywords">
<msg time="2024-12-22T00:01:40.256056" level="INFO">${VALUE} = //html/body/div[4]/div[2]/div[2]/div[2]/div[2]/ul[2]/li[3]/div/div/ul/li[1]/ul/li/input[1]</msg>
<var>${VALUE}</var>
<arg>${JSONPATH}</arg>
<status status="PASS" start="2024-12-22T00:01:40.256056" elapsed="0.000000"/>
</kw>
<return>
<value>${VALUE}</value>
<status status="PASS" start="2024-12-22T00:01:40.256056" elapsed="0.000000"/>
</return>
<msg time="2024-12-22T00:01:40.256056" level="INFO">${TOFIELD} = //html/body/div[4]/div[2]/div[2]/div[2]/div[2]/ul[2]/li[3]/div/div/ul/li[1]/ul/li/input[1]</msg>
<var>${TOFIELD}</var>
<arg>Inbox.to_xpath</arg>
<status status="PASS" start="2024-12-22T00:01:40.256056" elapsed="0.000000"/>
</kw>
<kw name="Sleep" owner="BuiltIn">
<msg time="2024-12-22T00:01:42.262759" level="INFO">Slept 2 seconds.</msg>
<arg>2 Seconds</arg>
<doc>Pauses the test executed for the given time.</doc>
<status status="PASS" start="2024-12-22T00:01:40.256056" elapsed="2.006703"/>
</kw>
<kw name="Set Selenium Implicit Wait" owner="SeleniumLibrary">
<arg>20 Seconds</arg>
<doc>Sets the implicit wait value used by Selenium.</doc>
<status status="PASS" start="2024-12-22T00:01:42.262759" elapsed="0.001640"/>
</kw>
<kw name="Click Element" owner="SeleniumLibrary">
<msg time="2024-12-22T00:01:42.264399" level="INFO">Clicking element 'xpath://html/body/div[4]/div[2]/div[2]/div[2]/div[2]/ul[2]/li[3]/div/div/ul/li[1]/ul/li/input[1]'.</msg>
<arg>xpath:${TOFIELD}</arg>
<doc>Click the element identified by ``locator``.</doc>
<status status="PASS" start="2024-12-22T00:01:42.264399" elapsed="0.095041"/>
</kw>
<kw name="Input Text" owner="SeleniumLibrary">
<msg time="2024-12-22T00:01:42.360447" level="INFO">Typing text 'kaushik.aryaan@gmail.com' into text field 'xpath://html/body/div[4]/div[2]/div[2]/div[2]/div[2]/ul[2]/li[3]/div/div/ul/li[1]/ul/li/input[1]'.</msg>
<arg>xpath:${TOFIELD}</arg>
<arg>${TOVALUE}</arg>
<doc>Types the given ``text`` into the text field identified by ``locator``.</doc>
<status status="PASS" start="2024-12-22T00:01:42.359440" elapsed="0.124681"/>
</kw>
<kw name="Sleep" owner="BuiltIn">
<msg time="2024-12-22T00:01:44.484795" level="INFO">Slept 2 seconds.</msg>
<arg>2 Seconds</arg>
<doc>Pauses the test executed for the given time.</doc>
<status status="PASS" start="2024-12-22T00:01:42.484121" elapsed="2.000674"/>
</kw>
<kw name="Press Key" owner="SeleniumLibrary">
<arg>xpath:${TOFIELD}</arg>
<arg>\\13</arg>
<doc>Simulates user pressing key on element identified by ``locator``.</doc>
<status status="PASS" start="2024-12-22T00:01:44.484795" elapsed="0.071957"/>
</kw>
<kw name="Sleep" owner="BuiltIn">
<msg time="2024-12-22T00:01:46.557438" level="INFO">Slept 2 seconds.</msg>
<arg>2 Seconds</arg>
<doc>Pauses the test executed for the given time.</doc>
<status status="PASS" start="2024-12-22T00:01:44.556752" elapsed="2.000686"/>
</kw>
<arg>Data</arg>
<arg>${i}</arg>
<arg>3</arg>
<status status="PASS" start="2024-12-22T00:01:40.256056" elapsed="6.301382"/>
</kw>
<kw name="Type on SUBJECT field" owner="RS_013_RediffmailDataDriven">
<kw name="Read Data From Cell" owner="RS_013_RediffmailDataDriven">
<kw name="Get Data From Cell" owner="DataDrivenKeywords">
<msg time="2024-12-22T00:01:46.557438" level="INFO">${dataValue} = Testing</msg>
<var>${dataValue}</var>
<arg>${sheetName}</arg>
<arg>${row}</arg>
<arg>${column}</arg>
<status status="PASS" start="2024-12-22T00:01:46.557438" elapsed="0.000000"/>
</kw>
<return>
<value>${dataValue}</value>
<status status="PASS" start="2024-12-22T00:01:46.557438" elapsed="0.000000"/>
</return>
<msg time="2024-12-22T00:01:46.557438" level="INFO">${SUBJECTVALUE} = Testing</msg>
<var>${SUBJECTVALUE}</var>
<arg>${SHEETNAME}</arg>
<arg>${ROWNUMBER}</arg>
<arg>${COLUMNNUMBER}</arg>
<status status="PASS" start="2024-12-22T00:01:46.557438" elapsed="0.000000"/>
</kw>
<kw name="Read Locator" owner="RS_013_RediffmailDataDriven">
<kw name="Read Locator From Json" owner="DataDrivenKeywords">
<msg time="2024-12-22T00:01:46.562134" level="INFO">${VALUE} = //html/body/div[4]/div[2]/div[2]/div[2]/div[2]/ul[2]/li[3]/div/div/ul/li[4]/input</msg>
<var>${VALUE}</var>
<arg>${JSONPATH}</arg>
<status status="PASS" start="2024-12-22T00:01:46.562134" elapsed="0.000000"/>
</kw>
<return>
<value>${VALUE}</value>
<status status="PASS" start="2024-12-22T00:01:46.562134" elapsed="0.000000"/>
</return>
<msg time="2024-12-22T00:01:46.562134" level="INFO">${SUBJECTFIELD} = //html/body/div[4]/div[2]/div[2]/div[2]/div[2]/ul[2]/li[3]/div/div/ul/li[4]/input</msg>
<var>${SUBJECTFIELD}</var>
<arg>Inbox.subject_xpath</arg>
<status status="PASS" start="2024-12-22T00:01:46.557438" elapsed="0.004696"/>
</kw>
<kw name="Sleep" owner="BuiltIn">
<msg time="2024-12-22T00:01:48.562991" level="INFO">Slept 2 seconds.</msg>
<arg>2 Seconds</arg>
<doc>Pauses the test executed for the given time.</doc>
<status status="PASS" start="2024-12-22T00:01:46.562134" elapsed="2.000857"/>
</kw>
<kw name="Set Selenium Implicit Wait" owner="SeleniumLibrary">
<arg>20 Seconds</arg>
<doc>Sets the implicit wait value used by Selenium.</doc>
<status status="PASS" start="2024-12-22T00:01:48.562991" elapsed="0.000000"/>
</kw>
<kw name="Input Text" owner="SeleniumLibrary">
<msg time="2024-12-22T00:01:48.562991" level="INFO">Typing text 'Testing' into text field 'xpath://html/body/div[4]/div[2]/div[2]/div[2]/div[2]/ul[2]/li[3]/div/div/ul/li[4]/input'.</msg>
<arg>xpath:${SUBJECTFIELD}</arg>
<arg>${SUBJECTVALUE}</arg>
<doc>Types the given ``text`` into the text field identified by ``locator``.</doc>
<status status="PASS" start="2024-12-22T00:01:48.562991" elapsed="0.142169"/>
</kw>
<kw name="Sleep" owner="BuiltIn">
<msg time="2024-12-22T00:01:50.705806" level="INFO">Slept 2 seconds.</msg>
<arg>2 Seconds</arg>
<doc>Pauses the test executed for the given time.</doc>
<status status="PASS" start="2024-12-22T00:01:48.705160" elapsed="2.000646"/>
</kw>
<arg>Data</arg>
<arg>${i}</arg>
<arg>4</arg>
<status status="PASS" start="2024-12-22T00:01:46.557438" elapsed="4.148368"/>
</kw>
<kw name="Move to frame from main page" owner="RS_013_RediffmailDataDriven">
<kw name="Read Locator" owner="RS_013_RediffmailDataDriven">
<kw name="Read Locator From Json" owner="DataDrivenKeywords">
<msg time="2024-12-22T00:01:50.705806" level="INFO">${VALUE} = //*[@id='cke_2_contents']/iframe</msg>
<var>${VALUE}</var>
<arg>${JSONPATH}</arg>
<status status="PASS" start="2024-12-22T00:01:50.705806" elapsed="0.000000"/>
</kw>
<return>
<value>${VALUE}</value>
<status status="PASS" start="2024-12-22T00:01:50.705806" elapsed="0.000000"/>
</return>
<msg time="2024-12-22T00:01:50.705806" level="INFO">${Frame} = //*[@id='cke_2_contents']/iframe</msg>
<var>${Frame}</var>
<arg>Inbox.frame_xpath</arg>
<status status="PASS" start="2024-12-22T00:01:50.705806" elapsed="0.000000"/>
</kw>
<kw name="Sleep" owner="BuiltIn">
<msg time="2024-12-22T00:01:52.706243" level="INFO">Slept 2 seconds.</msg>
<arg>2 Seconds</arg>
<doc>Pauses the test executed for the given time.</doc>
<status status="PASS" start="2024-12-22T00:01:50.705806" elapsed="2.000437"/>
</kw>
<kw name="Set Selenium Implicit Wait" owner="SeleniumLibrary">
<arg>20 Seconds</arg>
<doc>Sets the implicit wait value used by Selenium.</doc>
<status status="PASS" start="2024-12-22T00:01:52.706243" elapsed="0.000000"/>
</kw>
<kw name="Select Frame" owner="SeleniumLibrary">
<msg time="2024-12-22T00:01:52.710342" level="INFO">Selecting frame 'xpath://*[@id='cke_2_contents']/iframe'.</msg>
<arg>xpath:${Frame}</arg>
<doc>Sets frame identified by ``locator`` as the current frame.</doc>
<status status="PASS" start="2024-12-22T00:01:52.706243" elapsed="0.052675"/>
</kw>
<kw name="Sleep" owner="BuiltIn">
<msg time="2024-12-22T00:01:54.759712" level="INFO">Slept 2 seconds.</msg>
<arg>2 Seconds</arg>
<doc>Pauses the test executed for the given time.</doc>
<status status="PASS" start="2024-12-22T00:01:52.758918" elapsed="2.000794"/>
</kw>
<status status="PASS" start="2024-12-22T00:01:50.705806" elapsed="4.053906"/>
</kw>
<kw name="Write in compose area" owner="RS_013_RediffmailDataDriven">
<kw name="Read Data From Cell" owner="RS_013_RediffmailDataDriven">
<kw name="Get Data From Cell" owner="DataDrivenKeywords">
<msg time="2024-12-22T00:01:54.761730" level="INFO">${dataValue} = Sending mail for testing</msg>
<var>${dataValue}</var>
<arg>${sheetName}</arg>
<arg>${row}</arg>
<arg>${column}</arg>
<status status="PASS" start="2024-12-22T00:01:54.761730" elapsed="0.000000"/>
</kw>
<return>
<value>${dataValue}</value>
<status status="PASS" start="2024-12-22T00:01:54.761730" elapsed="0.000000"/>
</return>
<msg time="2024-12-22T00:01:54.761730" level="INFO">${COMPOSEVALUE} = Sending mail for testing</msg>
<var>${COMPOSEVALUE}</var>
<arg>${SHEETNAME}</arg>
<arg>${ROWNUMBER}</arg>
<arg>${COLUMNNUMBER}</arg>
<status status="PASS" start="2024-12-22T00:01:54.759712" elapsed="0.002018"/>
</kw>
<kw name="Read Locator" owner="RS_013_RediffmailDataDriven">
<kw name="Read Locator From Json" owner="DataDrivenKeywords">
<msg time="2024-12-22T00:01:54.763489" level="INFO">${VALUE} = /html/body</msg>
<var>${VALUE}</var>
<arg>${JSONPATH}</arg>
<status status="PASS" start="2024-12-22T00:01:54.763489" elapsed="0.000000"/>
</kw>
<return>
<value>${VALUE}</value>
<status status="PASS" start="2024-12-22T00:01:54.763489" elapsed="0.000000"/>
</return>
<msg time="2024-12-22T00:01:54.763489" level="INFO">${COMPOSEFIELD} = /html/body</msg>
<var>${COMPOSEFIELD}</var>
<arg>Inbox.compose_area_xpath</arg>
<status status="PASS" start="2024-12-22T00:01:54.763489" elapsed="0.000000"/>
</kw>
<kw name="Sleep" owner="BuiltIn">
<msg time="2024-12-22T00:01:56.764189" level="INFO">Slept 2 seconds.</msg>
<arg>2 Seconds</arg>
<doc>Pauses the test executed for the given time.</doc>
<status status="PASS" start="2024-12-22T00:01:54.763489" elapsed="2.000700"/>
</kw>
<kw name="Set Selenium Implicit Wait" owner="SeleniumLibrary">
<arg>20 Seconds</arg>
<doc>Sets the implicit wait value used by Selenium.</doc>
<status status="PASS" start="2024-12-22T00:01:56.764189" elapsed="0.002017"/>
</kw>
<kw name="Input Text" owner="SeleniumLibrary">
<msg time="2024-12-22T00:01:56.766206" level="INFO">Typing text 'Sending mail for testing' into text field 'xpath:/html/body'.</msg>
<arg>xpath:${COMPOSEFIELD}</arg>
<arg>${COMPOSEVALUE}</arg>
<doc>Types the given ``text`` into the text field identified by ``locator``.</doc>
<status status="PASS" start="2024-12-22T00:01:56.766206" elapsed="0.147431"/>
</kw>
<kw name="Sleep" owner="BuiltIn">
<msg time="2024-12-22T00:01:58.914080" level="INFO">Slept 2 seconds.</msg>
<arg>2 Seconds</arg>
<doc>Pauses the test executed for the given time.</doc>
<status status="PASS" start="2024-12-22T00:01:56.913637" elapsed="2.000443"/>
</kw>
<arg>Data</arg>
<arg>${i}</arg>
<arg>5</arg>
<status status="PASS" start="2024-12-22T00:01:54.759712" elapsed="4.154368"/>
</kw>
<kw name="Get out from frame to main page" owner="RS_013_RediffmailDataDriven">
<kw name="Sleep" owner="BuiltIn">
<msg time="2024-12-22T00:02:03.914767" level="INFO">Slept 5 seconds.</msg>
<arg>5 Seconds</arg>
<doc>Pauses the test executed for the given time.</doc>
<status status="PASS" start="2024-12-22T00:01:58.914080" elapsed="5.000687"/>
</kw>
<kw name="Set Selenium Implicit Wait" owner="SeleniumLibrary">
<arg>20 Seconds</arg>
<doc>Sets the implicit wait value used by Selenium.</doc>
<status status="PASS" start="2024-12-22T00:02:03.914767" elapsed="0.001610"/>
</kw>
<kw name="Unselect Frame" owner="SeleniumLibrary">
<doc>Sets the main frame as the current frame.</doc>
<status status="PASS" start="2024-12-22T00:02:03.916377" elapsed="0.000000"/>
</kw>
<status status="PASS" start="2024-12-22T00:01:58.914080" elapsed="5.002297"/>
</kw>
<kw name="Click on send button" owner="RS_013_RediffmailDataDriven">
<kw name="Read Locator" owner="RS_013_RediffmailDataDriven">
<kw name="Read Locator From Json" owner="DataDrivenKeywords">
<msg time="2024-12-22T00:02:03.916377" level="INFO">${VALUE} = //*[@id='rd_compose_cmp3']/div[1]/a[1]</msg>
<var>${VALUE}</var>
<arg>${JSONPATH}</arg>
<status status="PASS" start="2024-12-22T00:02:03.916377" elapsed="0.000000"/>
</kw>
<return>
<value>${VALUE}</value>
<status status="PASS" start="2024-12-22T00:02:03.916377" elapsed="0.000000"/>
</return>
<msg time="2024-12-22T00:02:03.916377" level="INFO">${SENDBUTTON} = //*[@id='rd_compose_cmp3']/div[1]/a[1]</msg>
<var>${SENDBUTTON}</var>
<arg>Inbox.send_button_xpath</arg>
<status status="PASS" start="2024-12-22T00:02:03.916377" elapsed="0.000000"/>
</kw>
<kw name="Sleep" owner="BuiltIn">
<msg time="2024-12-22T00:02:05.917063" level="INFO">Slept 2 seconds.</msg>
<arg>2 Seconds</arg>
<doc>Pauses the test executed for the given time.</doc>
<status status="PASS" start="2024-12-22T00:02:03.916377" elapsed="2.000686"/>
</kw>
<kw name="Set Selenium Implicit Wait" owner="SeleniumLibrary">
<arg>20 Seconds</arg>
<doc>Sets the implicit wait value used by Selenium.</doc>
<status status="PASS" start="2024-12-22T00:02:05.917684" elapsed="0.002037"/>
</kw>
<kw name="Click Link" owner="SeleniumLibrary">
<msg time="2024-12-22T00:02:05.920786" level="INFO">Clicking link 'xpath://*[@id='rd_compose_cmp3']/div[1]/a[1]'.</msg>
<arg>xpath:${SENDBUTTON}</arg>
<doc>Clicks a link identified by ``locator``.</doc>
<status status="PASS" start="2024-12-22T00:02:05.920786" elapsed="0.134609"/>
</kw>
<kw name="Sleep" owner="BuiltIn">
<msg time="2024-12-22T00:02:08.055952" level="INFO">Slept 2 seconds.</msg>
<arg>2 Seconds</arg>
<doc>Pauses the test executed for the given time.</doc>
<status status="PASS" start="2024-12-22T00:02:06.055395" elapsed="2.000557"/>
</kw>
<status status="PASS" start="2024-12-22T00:02:03.916377" elapsed="4.139575"/>
</kw>
<kw name="Click on Logout" owner="RS_013_RediffmailDataDriven">
<kw name="Read Locator" owner="RS_013_RediffmailDataDriven">
<kw name="Read Locator From Json" owner="DataDrivenKeywords">
<msg time="2024-12-22T00:02:08.055952" level="INFO">${VALUE} = //html/body/div[4]/div[1]/div/div[2]/a[2]</msg>
<var>${VALUE}</var>
<arg>${JSONPATH}</arg>
<status status="PASS" start="2024-12-22T00:02:08.055952" elapsed="0.000000"/>
</kw>
<return>
<value>${VALUE}</value>
<status status="PASS" start="2024-12-22T00:02:08.055952" elapsed="0.000000"/>
</return>
<msg time="2024-12-22T00:02:08.055952" level="INFO">${Logout} = //html/body/div[4]/div[1]/div/div[2]/a[2]</msg>
<var>${Logout}</var>
<arg>Inbox.logout_xpath</arg>
<status status="PASS" start="2024-12-22T00:02:08.055952" elapsed="0.000000"/>
</kw>
<kw name="Sleep" owner="BuiltIn">
<msg time="2024-12-22T00:02:10.056617" level="INFO">Slept 2 seconds.</msg>
<arg>2 Seconds</arg>
<doc>Pauses the test executed for the given time.</doc>
<status status="PASS" start="2024-12-22T00:02:08.055952" elapsed="2.000665"/>
</kw>
<kw name="Click Link" owner="SeleniumLibrary">
<msg time="2024-12-22T00:02:10.056617" level="INFO">Clicking link 'xpath://html/body/div[4]/div[1]/div/div[2]/a[2]'.</msg>
<arg>xpath:${Logout}</arg>
<doc>Clicks a link identified by ``locator``.</doc>
<status status="PASS" start="2024-12-22T00:02:10.056617" elapsed="3.845059"/>
</kw>
<kw name="Sleep" owner="BuiltIn">
<msg time="2024-12-22T00:02:15.903271" level="INFO">Slept 2 seconds.</msg>
<arg>2 Seconds</arg>
<doc>Pauses the test executed for the given time.</doc>
<status status="PASS" start="2024-12-22T00:02:13.901676" elapsed="2.001595"/>
</kw>
<status status="PASS" start="2024-12-22T00:02:08.055952" elapsed="7.847319"/>
</kw>
<kw name="Close Website" owner="RS_013_RediffmailDataDriven">
<kw name="Set Selenium Implicit Wait" owner="SeleniumLibrary">
<arg>20 Seconds</arg>
<doc>Sets the implicit wait value used by Selenium.</doc>
<status status="PASS" start="2024-12-22T00:02:15.903271" elapsed="0.002113"/>
</kw>
<kw name="Close Browser" owner="SeleniumLibrary">
<doc>Closes the current browser.</doc>
<status status="PASS" start="2024-12-22T00:02:15.905384" elapsed="2.223485"/>
</kw>
<status status="PASS" start="2024-12-22T00:02:15.903271" elapsed="2.225598"/>
</kw>
<var name="${i}">2</var>
<status status="PASS" start="2024-12-22T00:01:24.906358" elapsed="53.222511"/>
</iter>
<iter>
<kw name="Open Website" owner="RS_013_RediffmailDataDriven">
<kw name="Set Selenium Implicit Wait" owner="SeleniumLibrary">
<arg>20 Seconds</arg>
<doc>Sets the implicit wait value used by Selenium.</doc>
<status status="PASS" start="2024-12-22T00:02:18.130893" elapsed="0.000000"/>
</kw>
<kw name="Open Browser" owner="SeleniumLibrary">
<msg time="2024-12-22T00:02:18.130893" level="INFO">Opening browser 'chrome' to base url 'https://mail.rediff.com/cgi-bin/login.cgi'.</msg>
<arg>${Url}</arg>
<arg>${Browser}</arg>
<arg>${Options}</arg>
<doc>Opens a new browser instance to the optional ``url``.</doc>
<status status="PASS" start="2024-12-22T00:02:18.130893" elapsed="2.832629"/>
</kw>
<kw name="Maximize Browser Window" owner="SeleniumLibrary">
<doc>Maximizes current browser window.</doc>
<status status="PASS" start="2024-12-22T00:02:20.963522" elapsed="0.031306"/>
</kw>
<kw name="Set Selenium Timeout" owner="SeleniumLibrary">
<arg>10 seconds</arg>
<doc>Sets the timeout that is used by various keywords.</doc>
<status status="PASS" start="2024-12-22T00:02:20.994828" elapsed="0.000992"/>
</kw>
<kw name="Set Selenium Implicit Wait" owner="SeleniumLibrary">
<arg>10 seconds</arg>
<doc>Sets the implicit wait value used by Selenium.</doc>
<status status="PASS" start="2024-12-22T00:02:20.995820" elapsed="0.000798"/>
</kw>
<kw name="Wait Until Page Contains" owner="SeleniumLibrary">
<arg>rediff</arg>
<doc>Waits until ``text`` appears on the current page.</doc>
<status status="PASS" start="2024-12-22T00:02:20.996618" elapsed="0.013505"/>
</kw>
<kw name="Page Should Contain" owner="SeleniumLibrary">
<msg time="2024-12-22T00:02:21.024069" level="INFO">Current page contains text 'rediff'.</msg>
<arg>rediff</arg>
<doc>Verifies that current page contains ``text``.</doc>
<status status="PASS" start="2024-12-22T00:02:21.010123" elapsed="0.013946"/>
</kw>
<arg>https://mail.rediff.com/cgi-bin/login.cgi</arg>
<arg>chrome</arg>
<arg>--disable-notifications</arg>
<status status="PASS" start="2024-12-22T00:02:18.128869" elapsed="2.895200"/>
</kw>
<kw name="Type in Username" owner="RS_013_RediffmailDataDriven">
<kw name="Read Locator" owner="RS_013_RediffmailDataDriven">
<kw name="Read Locator From Json" owner="DataDrivenKeywords">
<msg time="2024-12-22T00:02:21.026068" level="INFO">${VALUE} = login1</msg>
<var>${VALUE}</var>
<arg>${JSONPATH}</arg>
<status status="PASS" start="2024-12-22T00:02:21.025072" elapsed="0.000996"/>
</kw>
<return>
<value>${VALUE}</value>
<status status="PASS" start="2024-12-22T00:02:21.026068" elapsed="0.000000"/>
</return>
<msg time="2024-12-22T00:02:21.026068" level="INFO">${USERNAME} = login1</msg>
<var>${USERNAME}</var>
<arg>Registration.username_id</arg>
<status status="PASS" start="2024-12-22T00:02:21.025072" elapsed="0.000996"/>
</kw>
<kw name="Read Data From Cell" owner="RS_013_RediffmailDataDriven">
<kw name="Get Data From Cell" owner="DataDrivenKeywords">
<msg time="2024-12-22T00:02:21.026068" level="INFO">${dataValue} = selenium.testmay2017</msg>
<var>${dataValue}</var>
<arg>${sheetName}</arg>
<arg>${row}</arg>
<arg>${column}</arg>
<status status="PASS" start="2024-12-22T00:02:21.026068" elapsed="0.000000"/>
</kw>
<return>
<value>${dataValue}</value>
<status status="PASS" start="2024-12-22T00:02:21.026068" elapsed="0.000000"/>
</return>
<msg time="2024-12-22T00:02:21.027067" level="INFO">${USERNAMEVALUE} = selenium.testmay2017</msg>
<var>${USERNAMEVALUE}</var>
<arg>${SHEETNAME}</arg>
<arg>${ROWNUMBER}</arg>
<arg>${COLUMNNUMBER}</arg>
<status status="PASS" start="2024-12-22T00:02:21.026068" elapsed="0.000999"/>
</kw>
<kw name="Set Selenium Implicit Wait" owner="SeleniumLibrary">
<arg>20 Seconds</arg>
<doc>Sets the implicit wait value used by Selenium.</doc>
<status status="PASS" start="2024-12-22T00:02:21.027067" elapsed="0.001222"/>
</kw>
<kw name="Input Text" owner="SeleniumLibrary">
<msg time="2024-12-22T00:02:21.028289" level="INFO">Typing text 'selenium.testmay2017' into text field 'id:login1'.</msg>
<arg>id:${USERNAME}</arg>
<arg>${USERNAMEVALUE}</arg>
<doc>Types the given ``text`` into the text field identified by ``locator``.</doc>
<status status="PASS" start="2024-12-22T00:02:21.028289" elapsed="0.100827"/>
</kw>
<arg>Data</arg>
<arg>${i}</arg>
<arg>1</arg>
<status status="PASS" start="2024-12-22T00:02:21.025072" elapsed="0.104044"/>
</kw>
<kw name="Type in Password" owner="RS_013_RediffmailDataDriven">
<kw name="Read Locator" owner="RS_013_RediffmailDataDriven">
<kw name="Read Locator From Json" owner="DataDrivenKeywords">
<msg time="2024-12-22T00:02:21.129116" level="INFO">${VALUE} = password</msg>
<var>${VALUE}</var>
<arg>${JSONPATH}</arg>
<status status="PASS" start="2024-12-22T00:02:21.129116" elapsed="0.000000"/>
</kw>
<return>
<value>${VALUE}</value>
<status status="PASS" start="2024-12-22T00:02:21.129116" elapsed="0.000000"/>
</return>
<msg time="2024-12-22T00:02:21.129116" level="INFO">${PASSWORD} = password</msg>
<var>${PASSWORD}</var>
<arg>Registration.password_id</arg>
<status status="PASS" start="2024-12-22T00:02:21.129116" elapsed="0.000000"/>
</kw>
<kw name="Read Data From Cell" owner="RS_013_RediffmailDataDriven">
<kw name="Get Data From Cell" owner="DataDrivenKeywords">
<msg time="2024-12-22T00:02:21.129116" level="INFO">${dataValue} = test@1234</msg>
<var>${dataValue}</var>
<arg>${sheetName}</arg>
<arg>${row}</arg>
<arg>${column}</arg>
<status status="PASS" start="2024-12-22T00:02:21.129116" elapsed="0.000000"/>
</kw>
<return>
<value>${dataValue}</value>
<status status="PASS" start="2024-12-22T00:02:21.129116" elapsed="0.000000"/>
</return>
<msg time="2024-12-22T00:02:21.129116" level="INFO">${PASSWORDVALUE} = test@1234</msg>
<var>${PASSWORDVALUE}</var>
<arg>${SHEETNAME}</arg>
<arg>${ROWNUMBER}</arg>
<arg>${COLUMNNUMBER}</arg>
<status status="PASS" start="2024-12-22T00:02:21.129116" elapsed="0.000000"/>
</kw>
<kw name="Set Selenium Implicit Wait" owner="SeleniumLibrary">
<arg>20 Seconds</arg>
<doc>Sets the implicit wait value used by Selenium.</doc>
<status status="PASS" start="2024-12-22T00:02:21.129116" elapsed="0.000000"/>
</kw>
<kw name="Input Password" owner="SeleniumLibrary">
<msg time="2024-12-22T00:02:21.129116" level="INFO">Typing password into text field 'id:password'.</msg>
<msg time="2024-12-22T00:02:21.155411" level="INFO">Temporally setting log level to: NONE</msg>
<arg>id:${PASSWORD}</arg>
<arg>${PASSWORDVALUE}</arg>
<doc>Types the given password into the text field identified by ``locator``.</doc>
<status status="PASS" start="2024-12-22T00:02:21.129116" elapsed="0.083371"/>
</kw>
<arg>Data</arg>
<arg>${i}</arg>
<arg>2</arg>
<status status="PASS" start="2024-12-22T00:02:21.129116" elapsed="0.083371"/>
</kw>
<kw name="Click on Sign in Button" owner="RS_013_RediffmailDataDriven">
<kw name="Read Locator" owner="RS_013_RediffmailDataDriven">
<kw name="Read Locator From Json" owner="DataDrivenKeywords">
<msg time="2024-12-22T00:02:21.213539" level="INFO">${VALUE} = proceed</msg>
<var>${VALUE}</var>
<arg>${JSONPATH}</arg>
<status status="PASS" start="2024-12-22T00:02:21.213539" elapsed="0.000000"/>
</kw>
<return>
<value>${VALUE}</value>
<status status="PASS" start="2024-12-22T00:02:21.213539" elapsed="0.000000"/>
</return>
<msg time="2024-12-22T00:02:21.214538" level="INFO">${SIGNIN} = proceed</msg>
<var>${SIGNIN}</var>
<arg>Registration.signin_name</arg>
<status status="PASS" start="2024-12-22T00:02:21.212487" elapsed="0.002051"/>
</kw>
<kw name="Set Selenium Implicit Wait" owner="SeleniumLibrary">
<arg>20 Seconds</arg>
<doc>Sets the implicit wait value used by Selenium.</doc>
<status status="PASS" start="2024-12-22T00:02:21.214538" elapsed="0.000979"/>
</kw>
<kw name="Click Button" owner="SeleniumLibrary">
<msg time="2024-12-22T00:02:21.215517" level="INFO">Clicking button 'name:proceed'.</msg>
<arg>name:${SIGNIN}</arg>
<doc>Clicks the button identified by ``locator``.</doc>
<status status="PASS" start="2024-12-22T00:02:21.215517" elapsed="0.156655"/>
</kw>
<kw name="Sleep" owner="BuiltIn">
<msg time="2024-12-22T00:02:26.373252" level="INFO">Slept 5 seconds.</msg>
<arg>5 Seconds</arg>
<doc>Pauses the test executed for the given time.</doc>
<status status="PASS" start="2024-12-22T00:02:21.372172" elapsed="5.001080"/>
</kw>
<status status="PASS" start="2024-12-22T00:02:21.212487" elapsed="5.160765"/>
</kw>
<kw name="Click on write mail link" owner="RS_013_RediffmailDataDriven">
<kw name="Sleep" owner="BuiltIn">
<msg time="2024-12-22T00:02:28.374510" level="INFO">Slept 2 seconds.</msg>
<arg>2 Seconds</arg>
<doc>Pauses the test executed for the given time.</doc>
<status status="PASS" start="2024-12-22T00:02:26.374271" elapsed="2.000239"/>
</kw>
<kw name="Set Selenium Implicit Wait" owner="SeleniumLibrary">
<arg>20 Seconds</arg>
<doc>Sets the implicit wait value used by Selenium.</doc>
<status status="PASS" start="2024-12-22T00:02:28.374510" elapsed="0.001089"/>
</kw>
<kw name="Read Locator" owner="RS_013_RediffmailDataDriven">
<kw name="Read Locator From Json" owner="DataDrivenKeywords">
<msg time="2024-12-22T00:02:28.376650" level="INFO">${VALUE} = //*[text()='Write mail']</msg>
<var>${VALUE}</var>
<arg>${JSONPATH}</arg>
<status status="PASS" start="2024-12-22T00:02:28.375599" elapsed="0.001051"/>
</kw>
<return>
<value>${VALUE}</value>
<status status="PASS" start="2024-12-22T00:02:28.376650" elapsed="0.000000"/>
</return>
<msg time="2024-12-22T00:02:28.376650" level="INFO">${WRITEMAIL} = //*[text()='Write mail']</msg>
<var>${WRITEMAIL}</var>
<arg>Inbox.writemail_xpath</arg>
<status status="PASS" start="2024-12-22T00:02:28.375599" elapsed="0.001051"/>
</kw>
<kw name="Set Selenium Implicit Wait" owner="SeleniumLibrary">
<arg>20 Seconds</arg>
<doc>Sets the implicit wait value used by Selenium.</doc>
<status status="PASS" start="2024-12-22T00:02:28.376650" elapsed="0.001042"/>
</kw>
<kw name="Double Click Element" owner="SeleniumLibrary">
<msg time="2024-12-22T00:02:28.378665" level="INFO">Double clicking element 'xpath://*[text()='Write mail']'.</msg>
<arg>xpath:${WRITEMAIL}</arg>
<doc>Double clicks the element identified by ``locator``.</doc>
<status status="PASS" start="2024-12-22T00:02:28.378665" elapsed="1.009740"/>
</kw>
<kw name="Sleep" owner="BuiltIn">
<msg time="2024-12-22T00:02:31.388825" level="INFO">Slept 2 seconds.</msg>
<arg>2 Seconds</arg>
<doc>Pauses the test executed for the given time.</doc>
<status status="PASS" start="2024-12-22T00:02:29.388405" elapsed="2.000420"/>
</kw>
<status status="PASS" start="2024-12-22T00:02:26.373252" elapsed="5.015573"/>
</kw>
<kw name="Type on TO field" owner="RS_013_RediffmailDataDriven">
<kw name="Read Data From Cell" owner="RS_013_RediffmailDataDriven">
<kw name="Get Data From Cell" owner="DataDrivenKeywords">
<msg time="2024-12-22T00:02:31.391839" level="INFO">${dataValue} = kaushik@compleat.training</msg>
<var>${dataValue}</var>
<arg>${sheetName}</arg>
<arg>${row}</arg>
<arg>${column}</arg>
<status status="PASS" start="2024-12-22T00:02:31.390840" elapsed="0.000999"/>
</kw>
<return>
<value>${dataValue}</value>
<status status="PASS" start="2024-12-22T00:02:31.391839" elapsed="0.000000"/>
</return>
<msg time="2024-12-22T00:02:31.391839" level="INFO">${TOVALUE} = kaushik@compleat.training</msg>
<var>${TOVALUE}</var>
<arg>${SHEETNAME}</arg>
<arg>${ROWNUMBER}</arg>
<arg>${COLUMNNUMBER}</arg>
<status status="PASS" start="2024-12-22T00:02:31.389845" elapsed="0.001994"/>
</kw>
<kw name="Read Locator" owner="RS_013_RediffmailDataDriven">
<kw name="Read Locator From Json" owner="DataDrivenKeywords">
<msg time="2024-12-22T00:02:31.394356" level="INFO">${VALUE} = //html/body/div[4]/div[2]/div[2]/div[2]/div[2]/ul[2]/li[3]/div/div/ul/li[1]/ul/li/input[1]</msg>
<var>${VALUE}</var>
<arg>${JSONPATH}</arg>
<status status="PASS" start="2024-12-22T00:02:31.392841" elapsed="0.001515"/>
</kw>
<return>
<value>${VALUE}</value>
<status status="PASS" start="2024-12-22T00:02:31.394356" elapsed="0.000000"/>
</return>
<msg time="2024-12-22T00:02:31.394356" level="INFO">${TOFIELD} = //html/body/div[4]/div[2]/div[2]/div[2]/div[2]/ul[2]/li[3]/div/div/ul/li[1]/ul/li/input[1]</msg>
<var>${TOFIELD}</var>
<arg>Inbox.to_xpath</arg>
<status status="PASS" start="2024-12-22T00:02:31.392841" elapsed="0.001515"/>
</kw>
<kw name="Sleep" owner="BuiltIn">
<msg time="2024-12-22T00:02:33.395809" level="INFO">Slept 2 seconds.</msg>
<arg>2 Seconds</arg>
<doc>Pauses the test executed for the given time.</doc>
<status status="PASS" start="2024-12-22T00:02:31.395371" elapsed="2.000438"/>
</kw>
<kw name="Set Selenium Implicit Wait" owner="SeleniumLibrary">
<arg>20 Seconds</arg>
<doc>Sets the implicit wait value used by Selenium.</doc>
<status status="PASS" start="2024-12-22T00:02:33.395809" elapsed="0.000000"/>
</kw>
<kw name="Click Element" owner="SeleniumLibrary">
<msg time="2024-12-22T00:02:33.395809" level="INFO">Clicking element 'xpath://html/body/div[4]/div[2]/div[2]/div[2]/div[2]/ul[2]/li[3]/div/div/ul/li[1]/ul/li/input[1]'.</msg>
<arg>xpath:${TOFIELD}</arg>
<doc>Click the element identified by ``locator``.</doc>
<status status="PASS" start="2024-12-22T00:02:33.395809" elapsed="0.113236"/>
</kw>
<kw name="Input Text" owner="SeleniumLibrary">
<msg time="2024-12-22T00:02:33.509045" level="INFO">Typing text 'kaushik@compleat.training' into text field 'xpath://html/body/div[4]/div[2]/div[2]/div[2]/div[2]/ul[2]/li[3]/div/div/ul/li[1]/ul/li/input[1]'.</msg>
<arg>xpath:${TOFIELD}</arg>
<arg>${TOVALUE}</arg>
<doc>Types the given ``text`` into the text field identified by ``locator``.</doc>
<status status="PASS" start="2024-12-22T00:02:33.509045" elapsed="0.107495"/>
</kw>
<kw name="Sleep" owner="BuiltIn">
<msg time="2024-12-22T00:02:35.617331" level="INFO">Slept 2 seconds.</msg>
<arg>2 Seconds</arg>
<doc>Pauses the test executed for the given time.</doc>
<status status="PASS" start="2024-12-22T00:02:33.616540" elapsed="2.000791"/>
</kw>
<kw name="Press Key" owner="SeleniumLibrary">
<arg>xpath:${TOFIELD}</arg>
<arg>\\13</arg>
<doc>Simulates user pressing key on element identified by ``locator``.</doc>
<status status="PASS" start="2024-12-22T00:02:35.617331" elapsed="0.081472"/>
</kw>
<kw name="Sleep" owner="BuiltIn">
<msg time="2024-12-22T00:02:37.700868" level="INFO">Slept 2 seconds.</msg>
<arg>2 Seconds</arg>
<doc>Pauses the test executed for the given time.</doc>
<status status="PASS" start="2024-12-22T00:02:35.700145" elapsed="2.000723"/>
</kw>
<arg>Data</arg>
<arg>${i}</arg>
<arg>3</arg>
<status status="PASS" start="2024-12-22T00:02:31.389845" elapsed="6.311023"/>
</kw>
<kw name="Type on SUBJECT field" owner="RS_013_RediffmailDataDriven">
<kw name="Read Data From Cell" owner="RS_013_RediffmailDataDriven">
<kw name="Get Data From Cell" owner="DataDrivenKeywords">
<msg time="2024-12-22T00:02:37.703629" level="INFO">${dataValue} = Development</msg>
<var>${dataValue}</var>
<arg>${sheetName}</arg>
<arg>${row}</arg>
<arg>${column}</arg>
<status status="PASS" start="2024-12-22T00:02:37.702020" elapsed="0.001609"/>
</kw>
<return>
<value>${dataValue}</value>
<status status="PASS" start="2024-12-22T00:02:37.703629" elapsed="0.000000"/>
</return>
<msg time="2024-12-22T00:02:37.703629" level="INFO">${SUBJECTVALUE} = Development</msg>
<var>${SUBJECTVALUE}</var>
<arg>${SHEETNAME}</arg>
<arg>${ROWNUMBER}</arg>
<arg>${COLUMNNUMBER}</arg>
<status status="PASS" start="2024-12-22T00:02:37.702020" elapsed="0.001609"/>
</kw>
<kw name="Read Locator" owner="RS_013_RediffmailDataDriven">
<kw name="Read Locator From Json" owner="DataDrivenKeywords">
<msg time="2024-12-22T00:02:37.703629" level="INFO">${VALUE} = //html/body/div[4]/div[2]/div[2]/div[2]/div[2]/ul[2]/li[3]/div/div/ul/li[4]/input</msg>
<var>${VALUE}</var>
<arg>${JSONPATH}</arg>
<status status="PASS" start="2024-12-22T00:02:37.703629" elapsed="0.000000"/>
</kw>
<return>
<value>${VALUE}</value>
<status status="PASS" start="2024-12-22T00:02:37.703629" elapsed="0.000000"/>
</return>
<msg time="2024-12-22T00:02:37.703629" level="INFO">${SUBJECTFIELD} = //html/body/div[4]/div[2]/div[2]/div[2]/div[2]/ul[2]/li[3]/div/div/ul/li[4]/input</msg>
<var>${SUBJECTFIELD}</var>
<arg>Inbox.subject_xpath</arg>
<status status="PASS" start="2024-12-22T00:02:37.703629" elapsed="0.000000"/>
</kw>
<kw name="Sleep" owner="BuiltIn">
<msg time="2024-12-22T00:02:39.704084" level="INFO">Slept 2 seconds.</msg>
<arg>2 Seconds</arg>
<doc>Pauses the test executed for the given time.</doc>
<status status="PASS" start="2024-12-22T00:02:37.703629" elapsed="2.000455"/>
</kw>
<kw name="Set Selenium Implicit Wait" owner="SeleniumLibrary">
<arg>20 Seconds</arg>
<doc>Sets the implicit wait value used by Selenium.</doc>
<status status="PASS" start="2024-12-22T00:02:39.704084" elapsed="0.000000"/>
</kw>
<kw name="Input Text" owner="SeleniumLibrary">
<msg time="2024-12-22T00:02:39.708249" level="INFO">Typing text 'Development' into text field 'xpath://html/body/div[4]/div[2]/div[2]/div[2]/div[2]/ul[2]/li[3]/div/div/ul/li[4]/input'.</msg>
<arg>xpath:${SUBJECTFIELD}</arg>
<arg>${SUBJECTVALUE}</arg>
<doc>Types the given ``text`` into the text field identified by ``locator``.</doc>
<status status="PASS" start="2024-12-22T00:02:39.704084" elapsed="0.167797"/>
</kw>
<kw name="Sleep" owner="BuiltIn">
<msg time="2024-12-22T00:02:41.872556" level="INFO">Slept 2 seconds.</msg>
<arg>2 Seconds</arg>
<doc>Pauses the test executed for the given time.</doc>
<status status="PASS" start="2024-12-22T00:02:39.871881" elapsed="2.000675"/>
</kw>
<arg>Data</arg>
<arg>${i}</arg>
<arg>4</arg>
<status status="PASS" start="2024-12-22T00:02:37.702020" elapsed="4.170536"/>
</kw>
<kw name="Move to frame from main page" owner="RS_013_RediffmailDataDriven">
<kw name="Read Locator" owner="RS_013_RediffmailDataDriven">
<kw name="Read Locator From Json" owner="DataDrivenKeywords">
<msg time="2024-12-22T00:02:41.872556" level="INFO">${VALUE} = //*[@id='cke_2_contents']/iframe</msg>
<var>${VALUE}</var>
<arg>${JSONPATH}</arg>
<status status="PASS" start="2024-12-22T00:02:41.872556" elapsed="0.000000"/>
</kw>
<return>
<value>${VALUE}</value>
<status status="PASS" start="2024-12-22T00:02:41.872556" elapsed="0.000000"/>
</return>
<msg time="2024-12-22T00:02:41.872556" level="INFO">${Frame} = //*[@id='cke_2_contents']/iframe</msg>
<var>${Frame}</var>
<arg>Inbox.frame_xpath</arg>
<status status="PASS" start="2024-12-22T00:02:41.872556" elapsed="0.000000"/>
</kw>
<kw name="Sleep" owner="BuiltIn">
<msg time="2024-12-22T00:02:43.873319" level="INFO">Slept 2 seconds.</msg>
<arg>2 Seconds</arg>
<doc>Pauses the test executed for the given time.</doc>
<status status="PASS" start="2024-12-22T00:02:41.872556" elapsed="2.000763"/>
</kw>
<kw name="Set Selenium Implicit Wait" owner="SeleniumLibrary">
<arg>20 Seconds</arg>
<doc>Sets the implicit wait value used by Selenium.</doc>
<status status="PASS" start="2024-12-22T00:02:43.873319" elapsed="0.002019"/>
</kw>
<kw name="Select Frame" owner="SeleniumLibrary">
<msg time="2024-12-22T00:02:43.875338" level="INFO">Selecting frame 'xpath://*[@id='cke_2_contents']/iframe'.</msg>
<arg>xpath:${Frame}</arg>
<doc>Sets frame identified by ``locator`` as the current frame.</doc>
<status status="PASS" start="2024-12-22T00:02:43.875338" elapsed="0.063204"/>
</kw>
<kw name="Sleep" owner="BuiltIn">
<msg time="2024-12-22T00:02:45.939324" level="INFO">Slept 2 seconds.</msg>
<arg>2 Seconds</arg>
<doc>Pauses the test executed for the given time.</doc>
<status status="PASS" start="2024-12-22T00:02:43.938542" elapsed="2.000782"/>
</kw>
<status status="PASS" start="2024-12-22T00:02:41.872556" elapsed="4.066768"/>
</kw>
<kw name="Write in compose area" owner="RS_013_RediffmailDataDriven">
<kw name="Read Data From Cell" owner="RS_013_RediffmailDataDriven">
<kw name="Get Data From Cell" owner="DataDrivenKeywords">
<msg time="2024-12-22T00:02:45.939324" level="INFO">${dataValue} = Sending mail for development</msg>
<var>${dataValue}</var>
<arg>${sheetName}</arg>
<arg>${row}</arg>
<arg>${column}</arg>
<status status="PASS" start="2024-12-22T00:02:45.939324" elapsed="0.000000"/>
</kw>
<return>
<value>${dataValue}</value>
<status status="PASS" start="2024-12-22T00:02:45.939324" elapsed="0.000000"/>
</return>
<msg time="2024-12-22T00:02:45.939324" level="INFO">${COMPOSEVALUE} = Sending mail for development</msg>
<var>${COMPOSEVALUE}</var>
<arg>${SHEETNAME}</arg>
<arg>${ROWNUMBER}</arg>
<arg>${COLUMNNUMBER}</arg>
<status status="PASS" start="2024-12-22T00:02:45.939324" elapsed="0.000000"/>
</kw>
<kw name="Read Locator" owner="RS_013_RediffmailDataDriven">
<kw name="Read Locator From Json" owner="DataDrivenKeywords">
<msg time="2024-12-22T00:02:45.939324" level="INFO">${VALUE} = /html/body</msg>
<var>${VALUE}</var>
<arg>${JSONPATH}</arg>
<status status="PASS" start="2024-12-22T00:02:45.939324" elapsed="0.000000"/>
</kw>
<return>
<value>${VALUE}</value>
<status status="PASS" start="2024-12-22T00:02:45.939324" elapsed="0.000000"/>
</return>
<msg time="2024-12-22T00:02:45.939324" level="INFO">${COMPOSEFIELD} = /html/body</msg>
<var>${COMPOSEFIELD}</var>
<arg>Inbox.compose_area_xpath</arg>
<status status="PASS" start="2024-12-22T00:02:45.939324" elapsed="0.000000"/>
</kw>
<kw name="Sleep" owner="BuiltIn">
<msg time="2024-12-22T00:02:47.939383" level="INFO">Slept 2 seconds.</msg>
<arg>2 Seconds</arg>
<doc>Pauses the test executed for the given time.</doc>
<status status="PASS" start="2024-12-22T00:02:45.939324" elapsed="2.000059"/>
</kw>
<kw name="Set Selenium Implicit Wait" owner="SeleniumLibrary">
<arg>20 Seconds</arg>
<doc>Sets the implicit wait value used by Selenium.</doc>
<status status="PASS" start="2024-12-22T00:02:47.939383" elapsed="0.000000"/>
</kw>
<kw name="Input Text" owner="SeleniumLibrary">
<msg time="2024-12-22T00:02:47.939383" level="INFO">Typing text 'Sending mail for development' into text field 'xpath:/html/body'.</msg>
<arg>xpath:${COMPOSEFIELD}</arg>
<arg>${COMPOSEVALUE}</arg>
<doc>Types the given ``text`` into the text field identified by ``locator``.</doc>
<status status="PASS" start="2024-12-22T00:02:47.939383" elapsed="0.149190"/>
</kw>
<kw name="Sleep" owner="BuiltIn">
<msg time="2024-12-22T00:02:50.088941" level="INFO">Slept 2 seconds.</msg>
<arg>2 Seconds</arg>
<doc>Pauses the test executed for the given time.</doc>
<status status="PASS" start="2024-12-22T00:02:48.088573" elapsed="2.000368"/>
</kw>
<arg>Data</arg>
<arg>${i}</arg>
<arg>5</arg>
<status status="PASS" start="2024-12-22T00:02:45.939324" elapsed="4.149617"/>
</kw>
<kw name="Get out from frame to main page" owner="RS_013_RediffmailDataDriven">
<kw name="Sleep" owner="BuiltIn">
<msg time="2024-12-22T00:02:55.089495" level="INFO">Slept 5 seconds.</msg>
<arg>5 Seconds</arg>
<doc>Pauses the test executed for the given time.</doc>
<status status="PASS" start="2024-12-22T00:02:50.088941" elapsed="5.000554"/>
</kw>
<kw name="Set Selenium Implicit Wait" owner="SeleniumLibrary">
<arg>20 Seconds</arg>
<doc>Sets the implicit wait value used by Selenium.</doc>
<status status="PASS" start="2024-12-22T00:02:55.089495" elapsed="0.000000"/>
</kw>
<kw name="Unselect Frame" owner="SeleniumLibrary">
<doc>Sets the main frame as the current frame.</doc>
<status status="PASS" start="2024-12-22T00:02:55.089495" elapsed="0.010335"/>
</kw>
<status status="PASS" start="2024-12-22T00:02:50.088941" elapsed="5.010889"/>
</kw>
<kw name="Click on send button" owner="RS_013_RediffmailDataDriven">
<kw name="Read Locator" owner="RS_013_RediffmailDataDriven">
<kw name="Read Locator From Json" owner="DataDrivenKeywords">
<msg time="2024-12-22T00:02:55.101934" level="INFO">${VALUE} = //*[@id='rd_compose_cmp3']/div[1]/a[1]</msg>
<var>${VALUE}</var>
<arg>${JSONPATH}</arg>
<status status="PASS" start="2024-12-22T00:02:55.099830" elapsed="0.002104"/>
</kw>
<return>
<value>${VALUE}</value>
<status status="PASS" start="2024-12-22T00:02:55.101934" elapsed="0.000000"/>
</return>
<msg time="2024-12-22T00:02:55.101934" level="INFO">${SENDBUTTON} = //*[@id='rd_compose_cmp3']/div[1]/a[1]</msg>
<var>${SENDBUTTON}</var>
<arg>Inbox.send_button_xpath</arg>
<status status="PASS" start="2024-12-22T00:02:55.099830" elapsed="0.002104"/>
</kw>
<kw name="Sleep" owner="BuiltIn">
<msg time="2024-12-22T00:02:57.102465" level="INFO">Slept 2 seconds.</msg>
<arg>2 Seconds</arg>
<doc>Pauses the test executed for the given time.</doc>
<status status="PASS" start="2024-12-22T00:02:55.101934" elapsed="2.000531"/>
</kw>
<kw name="Set Selenium Implicit Wait" owner="SeleniumLibrary">
<arg>20 Seconds</arg>
<doc>Sets the implicit wait value used by Selenium.</doc>
<status status="PASS" start="2024-12-22T00:02:57.102465" elapsed="0.002020"/>
</kw>
<kw name="Click Link" owner="SeleniumLibrary">
<msg time="2024-12-22T00:02:57.104485" level="INFO">Clicking link 'xpath://*[@id='rd_compose_cmp3']/div[1]/a[1]'.</msg>
<arg>xpath:${SENDBUTTON}</arg>
<doc>Clicks a link identified by ``locator``.</doc>
<status status="PASS" start="2024-12-22T00:02:57.104485" elapsed="0.111780"/>
</kw>
<kw name="Sleep" owner="BuiltIn">
<msg time="2024-12-22T00:02:59.217118" level="INFO">Slept 2 seconds.</msg>
<arg>2 Seconds</arg>
<doc>Pauses the test executed for the given time.</doc>
<status status="PASS" start="2024-12-22T00:02:57.216265" elapsed="2.000853"/>
</kw>
<status status="PASS" start="2024-12-22T00:02:55.099830" elapsed="4.117288"/>
</kw>
<kw name="Click on Logout" owner="RS_013_RediffmailDataDriven">
<kw name="Read Locator" owner="RS_013_RediffmailDataDriven">
<kw name="Read Locator From Json" owner="DataDrivenKeywords">
<msg time="2024-12-22T00:02:59.219178" level="INFO">${VALUE} = //html/body/div[4]/div[1]/div/div[2]/a[2]</msg>
<var>${VALUE}</var>
<arg>${JSONPATH}</arg>
<status status="PASS" start="2024-12-22T00:02:59.219178" elapsed="0.000000"/>
</kw>
<return>
<value>${VALUE}</value>
<status status="PASS" start="2024-12-22T00:02:59.219178" elapsed="0.000000"/>
</return>
<msg time="2024-12-22T00:02:59.221202" level="INFO">${Logout} = //html/body/div[4]/div[1]/div/div[2]/a[2]</msg>
<var>${Logout}</var>
<arg>Inbox.logout_xpath</arg>
<status status="PASS" start="2024-12-22T00:02:59.217118" elapsed="0.004084"/>
</kw>
<kw name="Sleep" owner="BuiltIn">
<msg time="2024-12-22T00:03:01.222027" level="INFO">Slept 2 seconds.</msg>
<arg>2 Seconds</arg>
<doc>Pauses the test executed for the given time.</doc>
<status status="PASS" start="2024-12-22T00:02:59.221202" elapsed="2.000825"/>
</kw>
<kw name="Click Link" owner="SeleniumLibrary">
<msg time="2024-12-22T00:03:01.222027" level="INFO">Clicking link 'xpath://html/body/div[4]/div[1]/div/div[2]/a[2]'.</msg>
<arg>xpath:${Logout}</arg>
<doc>Clicks a link identified by ``locator``.</doc>
<status status="PASS" start="2024-12-22T00:03:01.222027" elapsed="2.791162"/>
</kw>
<kw name="Sleep" owner="BuiltIn">
<msg time="2024-12-22T00:03:06.013695" level="INFO">Slept 2 seconds.</msg>
<arg>2 Seconds</arg>
<doc>Pauses the test executed for the given time.</doc>
<status status="PASS" start="2024-12-22T00:03:04.013189" elapsed="2.000506"/>
</kw>
<status status="PASS" start="2024-12-22T00:02:59.217118" elapsed="6.796577"/>
</kw>
<kw name="Close Website" owner="RS_013_RediffmailDataDriven">
<kw name="Set Selenium Implicit Wait" owner="SeleniumLibrary">
<arg>20 Seconds</arg>
<doc>Sets the implicit wait value used by Selenium.</doc>
<status status="PASS" start="2024-12-22T00:03:06.013695" elapsed="0.002020"/>
</kw>
<kw name="Close Browser" owner="SeleniumLibrary">
<doc>Closes the current browser.</doc>
<status status="PASS" start="2024-12-22T00:03:06.015715" elapsed="2.217618"/>
</kw>
<status status="PASS" start="2024-12-22T00:03:06.013695" elapsed="2.219638"/>
</kw>
<var name="${i}">3</var>
<status status="PASS" start="2024-12-22T00:02:18.128869" elapsed="50.104464"/>
</iter>
<var>${i}</var>
<value>2</value>
<value>${MAXROW}</value>
<status status="PASS" start="2024-12-22T00:01:24.906358" elapsed="103.326975"/>
</for>
<kw name="Run Keyword If Test Failed" owner="BuiltIn" type="TEARDOWN">
<arg>capture page screenshot</arg>
<arg>Failed_Screen_Data_Driven_{index}.png</arg>
<doc>Runs the given keyword with the given arguments, if the test failed.</doc>
<status status="PASS" start="2024-12-22T00:03:08.233333" elapsed="0.000000"/>
</kw>
<doc>Working with Data Driven Approach</doc>
<status status="PASS" start="2024-12-22T00:01:24.906358" elapsed="103.326975"/>
</test>
<doc>To work with data driven test cases</doc>
<status status="PASS" start="2024-12-22T00:01:24.773779" elapsed="103.459554"/>
</suite>
<kw name="After Suite" type="TEARDOWN">
<kw name="Log To Console" owner="BuiltIn">
<arg>After Suite runs</arg>
<doc>Logs the given message to the console.</doc>
<status status="PASS" start="2024-12-22T00:03:08.233333" elapsed="0.000000"/>
</kw>
<status status="PASS" start="2024-12-22T00:03:08.233333" elapsed="0.000000"/>
</kw>
<status status="PASS" start="2024-12-22T00:01:24.448440" elapsed="103.784893"/>
</suite>
<statistics>
<total>
<stat pass="1" fail="0" skip="0">All Tests</stat>
</total>
<tag>
</tag>
<suite>
<stat pass="1" fail="0" skip="0" id="s1" name="DataDriven">DataDriven</stat>
<stat pass="1" fail="0" skip="0" id="s1-s1" name="TC 013 RediffmailDataDriven">DataDriven.TC 013 RediffmailDataDriven</stat>
</suite>
</statistics>
<errors>
<msg time="2024-12-22T00:01:24.781648" level="WARN">Error in file 'C:\Users\kaush\OneDrive\Desktop\JenkinsProjectSeleniun\Resources\RS_013_RediffmailDataDriven.robot' on line 125: The '[Return]' setting is deprecated. Use the 'RETURN' statement instead.</msg>
<msg time="2024-12-22T00:01:24.781648" level="WARN">Error in file 'C:\Users\kaush\OneDrive\Desktop\JenkinsProjectSeleniun\Resources\RS_013_RediffmailDataDriven.robot' on line 130: The '[Return]' setting is deprecated. Use the 'RETURN' statement instead.</msg>
</errors>
</robot>
